2025-09-10 00:22:18,301 - src.common.utils - INFO - FocusClass Launcher initialized
2025-09-10 00:38:03,082 - src.common.utils - INFO - Starting FocusClass Tkinter Launcher
2025-09-10 00:38:03,454 - src.common.utils - INFO - Dependency check passed
2025-09-10 00:38:03,926 - src.common.utils - INFO - FocusClass Launcher initialized successfully
2025-09-10 00:38:14,617 - src.common.utils - INFO - Launching teacher application...
2025-09-10 00:38:14,933 - common.screen_capture - INFO - Detected 1 monitors
2025-09-10 00:38:14,933 - common.screen_capture - INFO - Monitor 0: 1600x900 at (0, 0)
2025-09-10 00:38:14,996 - common.utils - INFO - Teacher application initialized
2025-09-10 00:38:15,032 - src.common.utils - ERROR - Error launching teacher app: 'TeacherApp' object has no attribute 'run'
2025-09-10 00:38:20,506 - src.common.utils - INFO - Launching student application...
2025-09-10 00:38:20,522 - src.common.utils - ERROR - Error launching student app: expected 'except' or 'finally' block (focus_manager.py, line 499)
2025-09-10 00:38:23,255 - src.common.utils - INFO - FocusClass Launcher shutting down
2025-09-10 00:38:23,279 - src.common.utils - INFO - FocusClass Launcher shutdown complete
2025-09-10 00:41:45,141 - src.common.utils - INFO - Starting FocusClass Tkinter Launcher
2025-09-10 00:41:45,500 - src.common.utils - INFO - Dependency check passed
2025-09-10 00:41:45,962 - src.common.utils - INFO - FocusClass Launcher initialized successfully
2025-09-10 00:41:50,782 - src.common.utils - INFO - Launching teacher application...
2025-09-10 00:41:51,063 - common.screen_capture - INFO - Detected 1 monitors
2025-09-10 00:41:51,063 - common.screen_capture - INFO - Monitor 0: 1600x900 at (0, 0)
2025-09-10 00:41:51,115 - common.utils - INFO - Teacher application initialized
2025-09-10 00:41:53,511 - common.database_manager - INFO - Database initialized successfully
2025-09-10 00:41:53,511 - common.database_manager - INFO - Created session HHJ1PK62YEY with ID 1
2025-09-10 00:41:53,521 - websockets.server - INFO - server listening on 0.0.0.0:8765
2025-09-10 00:41:53,521 - common.network_manager - INFO - WebSocket server started on 0.0.0.0:8765
2025-09-10 00:41:53,521 - common.network_manager - INFO - HTTP server started on 0.0.0.0:8080
2025-09-10 00:41:53,521 - common.network_manager - WARNING - Zeroconf not available. Network discovery disabled.
2025-09-10 00:41:53,521 - common.network_manager - INFO - Teacher server started: {'session_code': 'HHJ1PK62YEY', 'password': 'rqRHPwisGicB3gUH', 'ip': '172.168.20.113', 'websocket_port': 8765, 'http_port': 8080, 'discovery_name': 'FocusClass-HHJ1PK62YEY'}
2025-09-10 00:41:53,521 - common.utils - INFO - Session started: HHJ1PK62YEY
2025-09-10 00:41:53,579 - common.utils - ERROR - Failed to generate QR code: image "pyimage1" doesn't exist
2025-09-10 00:42:35,801 - src.common.utils - INFO - Starting FocusClass Tkinter Launcher
2025-09-10 00:42:36,025 - src.common.utils - INFO - Dependency check passed
2025-09-10 00:42:36,442 - src.common.utils - INFO - FocusClass Launcher initialized successfully
2025-09-10 00:42:38,794 - src.common.utils - INFO - Launching student application...
2025-09-10 00:42:39,191 - common.screen_capture - INFO - Detected 1 monitors
2025-09-10 00:42:39,191 - common.screen_capture - INFO - Monitor 0: 1600x900 at (0, 0)
2025-09-10 00:42:39,280 - src.common.utils - ERROR - Error launching student app: cannot use geometry manager pack inside .!frame which already has slaves managed by grid
2025-09-10 00:42:39,290 - src.common.utils - INFO - FocusClass Launcher shutdown complete
2025-09-10 00:43:10,376 - src.common.utils - INFO - Starting FocusClass Tkinter Launcher
2025-09-10 00:43:10,589 - src.common.utils - INFO - Dependency check passed
2025-09-10 00:43:11,059 - src.common.utils - INFO - FocusClass Launcher initialized successfully
2025-09-10 00:43:17,809 - src.common.utils - INFO - Launching student application...
2025-09-10 00:43:18,105 - common.screen_capture - INFO - Detected 1 monitors
2025-09-10 00:43:18,106 - common.screen_capture - INFO - Monitor 0: 1600x900 at (0, 0)
2025-09-10 00:43:18,199 - src.common.utils - ERROR - Error launching student app: cannot use geometry manager pack inside . which already has slaves managed by grid
2025-09-10 00:43:18,208 - src.common.utils - INFO - FocusClass Launcher shutdown complete
2025-09-10 00:43:47,407 - src.common.utils - INFO - Starting FocusClass Tkinter Launcher
2025-09-10 00:43:47,630 - src.common.utils - INFO - Dependency check passed
2025-09-10 00:43:48,109 - src.common.utils - INFO - FocusClass Launcher initialized successfully
2025-09-10 00:43:50,361 - src.common.utils - INFO - Launching student application...
2025-09-10 00:43:50,640 - common.screen_capture - INFO - Detected 1 monitors
2025-09-10 00:43:50,640 - common.screen_capture - INFO - Monitor 0: 1600x900 at (0, 0)
2025-09-10 00:43:50,674 - common.utils - INFO - Student application initialized
2025-09-10 00:44:03,074 - src.common.utils - INFO - Starting FocusClass Tkinter Launcher
2025-09-10 00:44:03,291 - src.common.utils - INFO - Dependency check passed
2025-09-10 00:44:03,728 - src.common.utils - INFO - FocusClass Launcher initialized successfully
2025-09-10 00:44:09,974 - src.common.utils - INFO - FocusClass Launcher shutting down
2025-09-10 00:44:09,992 - src.common.utils - INFO - FocusClass Launcher shutdown complete
2025-09-10 00:51:21,415 - src.common.utils - INFO - Starting FocusClass Tkinter Launcher
2025-09-10 00:51:21,636 - src.common.utils - INFO - Dependency check passed
2025-09-10 00:51:22,058 - src.common.utils - INFO - FocusClass Launcher initialized successfully
2025-09-10 00:51:24,814 - src.common.utils - INFO - FocusClass Launcher shutting down
2025-09-10 00:51:24,823 - src.common.utils - INFO - FocusClass Launcher shutdown complete
2025-09-10 00:58:03,909 - src.common.utils - INFO - Starting FocusClass Tkinter Launcher
2025-09-10 00:58:04,158 - src.common.utils - INFO - Dependency check passed
2025-09-10 00:58:04,624 - src.common.utils - INFO - FocusClass Launcher initialized successfully
2025-09-10 01:01:22,280 - src.common.utils - INFO - FocusClass Launcher shutting down
2025-09-10 01:01:22,299 - src.common.utils - INFO - FocusClass Launcher shutdown complete
2025-09-10 01:07:46,358 - src.common.utils - INFO - Starting FocusClass Tkinter Launcher
2025-09-10 01:07:46,669 - src.common.utils - INFO - Dependency check passed
2025-09-10 01:07:47,125 - src.common.utils - INFO - FocusClass Launcher initialized successfully
2025-09-10 01:07:50,077 - src.common.utils - INFO - Launching teacher application...
2025-09-10 01:07:50,372 - common.screen_capture - INFO - Detected 1 monitors
2025-09-10 01:07:50,372 - common.screen_capture - INFO - Monitor 0: 1600x900 at (0, 0)
2025-09-10 01:07:50,638 - common.utils - INFO - Teacher application initialized
2025-09-10 01:07:54,944 - common.database_manager - INFO - Database initialized successfully
2025-09-10 01:07:54,961 - common.database_manager - INFO - Created session HQOUOMEHRMS with ID 2
2025-09-10 01:07:54,968 - websockets.server - INFO - server listening on 0.0.0.0:8765
2025-09-10 01:07:54,968 - common.network_manager - INFO - WebSocket server started on 0.0.0.0:8765
2025-09-10 01:07:54,968 - common.network_manager - INFO - HTTP server started on 0.0.0.0:8080
2025-09-10 01:07:54,971 - common.network_manager - WARNING - Zeroconf not available. Network discovery disabled.
2025-09-10 01:07:54,971 - common.network_manager - INFO - Teacher server started: {'session_code': 'HQOUOMEHRMS', 'password': '2De3sNn6etdwT6m0', 'ip': '172.168.20.113', 'websocket_port': 8765, 'http_port': 8080, 'discovery_name': 'FocusClass-HQOUOMEHRMS'}
2025-09-10 01:07:54,971 - common.utils - INFO - Session started: HQOUOMEHRMS
2025-09-10 01:07:54,981 - asyncio - ERROR - Task was destroyed but it is pending!
task: <Task pending name='Task-3' coro=<IocpProactor.accept.<locals>.accept_coro() running at C:\Python312\Lib\asyncio\windows_events.py:566> wait_for=<_OverlappedFuture cancelled>>
2025-09-10 01:07:54,981 - asyncio - ERROR - Task was destroyed but it is pending!
task: <Task pending name='Task-5' coro=<IocpProactor.accept.<locals>.accept_coro() running at C:\Python312\Lib\asyncio\windows_events.py:566> wait_for=<_OverlappedFuture cancelled>>
2025-09-10 01:07:54,987 - common.utils - ERROR - Failed to generate QR code: image "pyimage1" doesn't exist
2025-09-10 01:09:23,883 - src.common.utils - INFO - Starting FocusClass Tkinter Launcher
2025-09-10 01:09:24,139 - src.common.utils - INFO - Dependency check passed
2025-09-10 01:09:24,635 - src.common.utils - INFO - FocusClass Launcher initialized successfully
2025-09-10 01:09:25,867 - src.common.utils - INFO - Launching teacher application...
2025-09-10 01:09:26,146 - common.screen_capture - INFO - Detected 1 monitors
2025-09-10 01:09:26,146 - common.screen_capture - INFO - Monitor 0: 1600x900 at (0, 0)
2025-09-10 01:09:26,374 - common.utils - INFO - Teacher application initialized
2025-09-10 01:09:28,058 - common.database_manager - INFO - Database initialized successfully
2025-09-10 01:09:28,071 - common.database_manager - INFO - Created session PQYNDIYP0AM with ID 3
2025-09-10 01:09:28,073 - common.network_manager - INFO - Found available port: 8766 (original: 8765)
2025-09-10 01:09:28,073 - common.network_manager - INFO - Found available port: 8081 (original: 8080)
2025-09-10 01:09:28,073 - websockets.server - INFO - server listening on 0.0.0.0:8766
2025-09-10 01:09:28,073 - common.network_manager - INFO - WebSocket server started on 0.0.0.0:8766
2025-09-10 01:09:28,073 - common.network_manager - INFO - HTTP server started on 0.0.0.0:8081
2025-09-10 01:09:28,080 - common.network_manager - WARNING - Zeroconf not available. Network discovery disabled.
2025-09-10 01:09:28,080 - common.network_manager - INFO - Teacher server started: {'session_code': 'PQYNDIYP0AM', 'password': '2DcJw9DmvnuR5R6S', 'ip': '172.168.20.113', 'websocket_port': 8766, 'http_port': 8081, 'discovery_name': 'FocusClass-PQYNDIYP0AM'}
2025-09-10 01:09:28,080 - common.utils - INFO - Session started: PQYNDIYP0AM
2025-09-10 01:09:28,090 - asyncio - ERROR - Task was destroyed but it is pending!
task: <Task pending name='Task-3' coro=<IocpProactor.accept.<locals>.accept_coro() running at C:\Python312\Lib\asyncio\windows_events.py:566> wait_for=<_OverlappedFuture cancelled>>
2025-09-10 01:09:28,090 - asyncio - ERROR - Task was destroyed but it is pending!
task: <Task pending name='Task-5' coro=<IocpProactor.accept.<locals>.accept_coro() running at C:\Python312\Lib\asyncio\windows_events.py:566> wait_for=<_OverlappedFuture cancelled>>
2025-09-10 01:09:28,090 - common.utils - ERROR - Failed to generate QR code: image "pyimage1" doesn't exist
2025-09-10 01:10:57,579 - src.common.utils - INFO - FocusClass Launcher shutdown complete
2025-09-10 01:11:31,093 - src.common.utils - INFO - Starting FocusClass Tkinter Launcher
2025-09-10 01:11:31,438 - src.common.utils - INFO - Dependency check passed
2025-09-10 01:11:31,908 - src.common.utils - INFO - FocusClass Launcher initialized successfully
2025-09-10 01:11:34,165 - src.common.utils - INFO - Launching teacher application...
2025-09-10 01:11:34,458 - common.screen_capture - INFO - Detected 1 monitors
2025-09-10 01:11:34,458 - common.screen_capture - INFO - Monitor 0: 1600x900 at (0, 0)
2025-09-10 01:11:34,731 - common.utils - INFO - Teacher application initialized
2025-09-10 01:11:36,448 - common.database_manager - INFO - Database initialized successfully
2025-09-10 01:11:36,455 - common.database_manager - INFO - Created session KQPA6JC0T08 with ID 4
2025-09-10 01:11:36,455 - websockets.server - INFO - server listening on 0.0.0.0:8765
2025-09-10 01:11:36,455 - common.network_manager - INFO - WebSocket server started on 0.0.0.0:8765
2025-09-10 01:11:36,464 - common.network_manager - INFO - HTTP server started on 0.0.0.0:8080
2025-09-10 01:11:36,464 - common.network_manager - WARNING - Zeroconf not available. Network discovery disabled.
2025-09-10 01:11:36,464 - common.network_manager - INFO - Teacher server started: {'session_code': 'KQPA6JC0T08', 'password': 'xb50frP25lfPi8Hv', 'ip': '172.168.20.113', 'websocket_port': 8765, 'http_port': 8080, 'discovery_name': 'FocusClass-KQPA6JC0T08'}
2025-09-10 01:11:36,464 - common.utils - INFO - Session started: KQPA6JC0T08
2025-09-10 01:11:36,474 - asyncio - ERROR - Task was destroyed but it is pending!
task: <Task pending name='Task-3' coro=<IocpProactor.accept.<locals>.accept_coro() running at C:\Python312\Lib\asyncio\windows_events.py:566> wait_for=<_OverlappedFuture cancelled>>
2025-09-10 01:11:36,474 - asyncio - ERROR - Task was destroyed but it is pending!
task: <Task pending name='Task-5' coro=<IocpProactor.accept.<locals>.accept_coro() running at C:\Python312\Lib\asyncio\windows_events.py:566> wait_for=<_OverlappedFuture cancelled>>
2025-09-10 01:11:36,474 - common.utils - ERROR - Failed to generate QR code: image "pyimage1" doesn't exist
2025-09-10 01:22:07,118 - src.common.utils - INFO - Starting FocusClass Tkinter Launcher
2025-09-10 01:22:07,357 - src.common.utils - INFO - Dependency check passed
2025-09-10 01:22:07,818 - src.common.utils - INFO - FocusClass Launcher initialized successfully
2025-09-10 01:22:11,916 - src.common.utils - INFO - Launching teacher application...
2025-09-10 01:22:12,188 - common.screen_capture - INFO - Detected 1 monitors
2025-09-10 01:22:12,188 - common.screen_capture - INFO - Monitor 0: 1600x900 at (0, 0)
2025-09-10 01:22:12,433 - common.utils - INFO - Teacher application initialized
2025-09-10 01:22:14,689 - common.database_manager - INFO - Database initialized successfully
2025-09-10 01:22:14,696 - common.database_manager - INFO - Created session JJSFDQE0CZY with ID 6
2025-09-10 01:22:14,697 - common.network_manager - INFO - Found available port: 8766 (original: 8765)
2025-09-10 01:22:14,698 - common.network_manager - INFO - Found available port: 8081 (original: 8080)
2025-09-10 01:22:14,702 - websockets.server - INFO - server listening on 0.0.0.0:8766
2025-09-10 01:22:14,703 - common.network_manager - INFO - WebSocket server started on 0.0.0.0:8766
2025-09-10 01:22:14,704 - common.network_manager - INFO - HTTP server started on 0.0.0.0:8081
2025-09-10 01:22:14,704 - common.network_manager - WARNING - Zeroconf not available. Network discovery disabled.
2025-09-10 01:22:14,705 - common.network_manager - INFO - Teacher server started: {'session_code': 'JJSFDQE0CZY', 'password': 'ICrZtHryU5IxHY2Q', 'ip': '172.168.20.113', 'websocket_port': 8766, 'http_port': 8081, 'discovery_name': 'FocusClass-JJSFDQE0CZY'}
2025-09-10 01:22:14,705 - common.utils - INFO - Session started: JJSFDQE0CZY
2025-09-10 01:22:14,706 - asyncio - ERROR - Task was destroyed but it is pending!
task: <Task pending name='Task-3' coro=<IocpProactor.accept.<locals>.accept_coro() running at C:\Python312\Lib\asyncio\windows_events.py:566> wait_for=<_OverlappedFuture cancelled>>
2025-09-10 01:22:14,706 - asyncio - ERROR - Task was destroyed but it is pending!
task: <Task pending name='Task-5' coro=<IocpProactor.accept.<locals>.accept_coro() running at C:\Python312\Lib\asyncio\windows_events.py:566> wait_for=<_OverlappedFuture cancelled>>
2025-09-10 01:22:14,816 - common.utils - ERROR - Tkinter error updating QR label: image "pyimage1" doesn't exist
2025-09-10 01:22:21,190 - common.screen_capture - INFO - Quality set to medium: 15fps, scale=0.75
2025-09-10 01:22:21,190 - common.screen_capture - INFO - Tkinter screen capture initialized with 1 monitors
2025-09-10 01:22:21,190 - common.screen_capture - INFO - Monitor set to 0
2025-09-10 01:22:21,190 - common.screen_capture - ERROR - Error capturing frame: '_thread._local' object has no attribute 'srcdc'
2025-09-10 01:22:21,190 - common.screen_capture - INFO - Tkinter screen capture started for monitor 0
2025-09-10 01:22:21,190 - common.screen_capture - INFO - Tkinter screen capture started for monitor 0
2025-09-10 01:22:21,190 - common.utils - INFO - Screen sharing started
2025-09-10 01:22:21,261 - common.screen_capture - ERROR - Error capturing frame: '_thread._local' object has no attribute 'srcdc'
2025-09-10 01:22:21,329 - common.screen_capture - ERROR - Error capturing frame: '_thread._local' object has no attribute 'srcdc'
2025-09-10 01:22:21,397 - common.screen_capture - ERROR - Error capturing frame: '_thread._local' object has no attribute 'srcdc'
2025-09-10 01:22:21,465 - common.screen_capture - ERROR - Error capturing frame: '_thread._local' object has no attribute 'srcdc'
2025-09-10 01:22:21,533 - common.screen_capture - ERROR - Error capturing frame: '_thread._local' object has no attribute 'srcdc'
2025-09-10 01:22:21,601 - common.screen_capture - ERROR - Error capturing frame: '_thread._local' object has no attribute 'srcdc'
2025-09-10 01:22:21,668 - common.screen_capture - ERROR - Error capturing frame: '_thread._local' object has no attribute 'srcdc'
2025-09-10 01:22:21,736 - common.screen_capture - ERROR - Error capturing frame: '_thread._local' object has no attribute 'srcdc'
2025-09-10 01:22:21,803 - common.screen_capture - ERROR - Error capturing frame: '_thread._local' object has no attribute 'srcdc'
2025-09-10 01:22:21,871 - common.screen_capture - ERROR - Error capturing frame: '_thread._local' object has no attribute 'srcdc'
2025-09-10 01:22:21,939 - common.screen_capture - ERROR - Error capturing frame: '_thread._local' object has no attribute 'srcdc'
2025-09-10 01:22:22,007 - common.screen_capture - ERROR - Error capturing frame: '_thread._local' object has no attribute 'srcdc'
2025-09-10 01:22:22,075 - common.screen_capture - ERROR - Error capturing frame: '_thread._local' object has no attribute 'srcdc'
2025-09-10 01:22:22,143 - common.screen_capture - ERROR - Error capturing frame: '_thread._local' object has no attribute 'srcdc'
2025-09-10 01:22:22,212 - common.screen_capture - ERROR - Error capturing frame: '_thread._local' object has no attribute 'srcdc'
2025-09-10 01:22:22,279 - common.screen_capture - ERROR - Error capturing frame: '_thread._local' object has no attribute 'srcdc'
2025-09-10 01:22:22,347 - common.screen_capture - ERROR - Error capturing frame: '_thread._local' object has no attribute 'srcdc'
2025-09-10 01:22:22,415 - common.screen_capture - ERROR - Error capturing frame: '_thread._local' object has no attribute 'srcdc'
2025-09-10 01:22:22,483 - common.screen_capture - ERROR - Error capturing frame: '_thread._local' object has no attribute 'srcdc'
2025-09-10 01:22:22,550 - common.screen_capture - ERROR - Error capturing frame: '_thread._local' object has no attribute 'srcdc'
2025-09-10 01:22:22,618 - common.screen_capture - ERROR - Error capturing frame: '_thread._local' object has no attribute 'srcdc'
2025-09-10 01:22:22,686 - common.screen_capture - ERROR - Error capturing frame: '_thread._local' object has no attribute 'srcdc'
2025-09-10 01:22:22,753 - common.screen_capture - ERROR - Error capturing frame: '_thread._local' object has no attribute 'srcdc'
2025-09-10 01:22:22,822 - common.screen_capture - ERROR - Error capturing frame: '_thread._local' object has no attribute 'srcdc'
2025-09-10 01:22:22,890 - common.screen_capture - ERROR - Error capturing frame: '_thread._local' object has no attribute 'srcdc'
2025-09-10 01:22:22,958 - common.screen_capture - ERROR - Error capturing frame: '_thread._local' object has no attribute 'srcdc'
2025-09-10 01:22:23,026 - common.screen_capture - ERROR - Error capturing frame: '_thread._local' object has no attribute 'srcdc'
2025-09-10 01:22:23,095 - common.screen_capture - ERROR - Error capturing frame: '_thread._local' object has no attribute 'srcdc'
2025-09-10 01:22:23,163 - common.screen_capture - ERROR - Error capturing frame: '_thread._local' object has no attribute 'srcdc'
2025-09-10 01:22:23,231 - common.screen_capture - ERROR - Error capturing frame: '_thread._local' object has no attribute 'srcdc'
2025-09-10 01:22:23,299 - common.screen_capture - ERROR - Error capturing frame: '_thread._local' object has no attribute 'srcdc'
2025-09-10 01:22:23,367 - common.screen_capture - ERROR - Error capturing frame: '_thread._local' object has no attribute 'srcdc'
2025-09-10 01:22:23,435 - common.screen_capture - ERROR - Error capturing frame: '_thread._local' object has no attribute 'srcdc'
2025-09-10 01:22:23,503 - common.screen_capture - ERROR - Error capturing frame: '_thread._local' object has no attribute 'srcdc'
2025-09-10 01:22:23,571 - common.screen_capture - ERROR - Error capturing frame: '_thread._local' object has no attribute 'srcdc'
2025-09-10 01:22:23,639 - common.screen_capture - ERROR - Error capturing frame: '_thread._local' object has no attribute 'srcdc'
2025-09-10 01:22:23,708 - common.screen_capture - ERROR - Error capturing frame: '_thread._local' object has no attribute 'srcdc'
2025-09-10 01:22:23,776 - common.screen_capture - ERROR - Error capturing frame: '_thread._local' object has no attribute 'srcdc'
2025-09-10 01:22:23,844 - common.screen_capture - ERROR - Error capturing frame: '_thread._local' object has no attribute 'srcdc'
2025-09-10 01:22:23,912 - common.screen_capture - ERROR - Error capturing frame: '_thread._local' object has no attribute 'srcdc'
2025-09-10 01:22:23,980 - common.screen_capture - ERROR - Error capturing frame: '_thread._local' object has no attribute 'srcdc'
2025-09-10 01:22:24,049 - common.screen_capture - ERROR - Error capturing frame: '_thread._local' object has no attribute 'srcdc'
2025-09-10 01:22:24,116 - common.screen_capture - ERROR - Error capturing frame: '_thread._local' object has no attribute 'srcdc'
2025-09-10 01:22:24,183 - common.screen_capture - ERROR - Error capturing frame: '_thread._local' object has no attribute 'srcdc'
2025-09-10 01:22:24,251 - common.screen_capture - ERROR - Error capturing frame: '_thread._local' object has no attribute 'srcdc'
2025-09-10 01:22:24,319 - common.screen_capture - ERROR - Error capturing frame: '_thread._local' object has no attribute 'srcdc'
2025-09-10 01:22:24,387 - common.screen_capture - ERROR - Error capturing frame: '_thread._local' object has no attribute 'srcdc'
2025-09-10 01:22:24,456 - common.screen_capture - ERROR - Error capturing frame: '_thread._local' object has no attribute 'srcdc'
2025-09-10 01:22:24,524 - common.screen_capture - ERROR - Error capturing frame: '_thread._local' object has no attribute 'srcdc'
2025-09-10 01:22:24,593 - common.screen_capture - ERROR - Error capturing frame: '_thread._local' object has no attribute 'srcdc'
2025-09-10 01:22:24,661 - common.screen_capture - ERROR - Error capturing frame: '_thread._local' object has no attribute 'srcdc'
2025-09-10 01:22:24,730 - common.screen_capture - ERROR - Error capturing frame: '_thread._local' object has no attribute 'srcdc'
2025-09-10 01:22:24,798 - common.screen_capture - ERROR - Error capturing frame: '_thread._local' object has no attribute 'srcdc'
2025-09-10 01:22:24,866 - common.screen_capture - ERROR - Error capturing frame: '_thread._local' object has no attribute 'srcdc'
2025-09-10 01:22:24,934 - common.screen_capture - ERROR - Error capturing frame: '_thread._local' object has no attribute 'srcdc'
2025-09-10 01:22:25,002 - common.screen_capture - ERROR - Error capturing frame: '_thread._local' object has no attribute 'srcdc'
2025-09-10 01:22:25,071 - common.screen_capture - ERROR - Error capturing frame: '_thread._local' object has no attribute 'srcdc'
2025-09-10 01:22:25,139 - common.screen_capture - ERROR - Error capturing frame: '_thread._local' object has no attribute 'srcdc'
2025-09-10 01:22:25,207 - common.screen_capture - ERROR - Error capturing frame: '_thread._local' object has no attribute 'srcdc'
2025-09-10 01:22:25,275 - common.screen_capture - ERROR - Error capturing frame: '_thread._local' object has no attribute 'srcdc'
2025-09-10 01:22:25,344 - common.screen_capture - ERROR - Error capturing frame: '_thread._local' object has no attribute 'srcdc'
2025-09-10 01:22:25,412 - common.screen_capture - ERROR - Error capturing frame: '_thread._local' object has no attribute 'srcdc'
2025-09-10 01:22:25,480 - common.screen_capture - ERROR - Error capturing frame: '_thread._local' object has no attribute 'srcdc'
2025-09-10 01:22:25,548 - common.screen_capture - ERROR - Error capturing frame: '_thread._local' object has no attribute 'srcdc'
2025-09-10 01:22:25,616 - common.screen_capture - ERROR - Error capturing frame: '_thread._local' object has no attribute 'srcdc'
2025-09-10 01:22:25,684 - common.screen_capture - ERROR - Error capturing frame: '_thread._local' object has no attribute 'srcdc'
2025-09-10 01:22:25,752 - common.screen_capture - ERROR - Error capturing frame: '_thread._local' object has no attribute 'srcdc'
2025-09-10 01:22:25,820 - common.screen_capture - ERROR - Error capturing frame: '_thread._local' object has no attribute 'srcdc'
2025-09-10 01:22:25,888 - common.screen_capture - ERROR - Error capturing frame: '_thread._local' object has no attribute 'srcdc'
2025-09-10 01:22:25,956 - common.screen_capture - ERROR - Error capturing frame: '_thread._local' object has no attribute 'srcdc'
2025-09-10 01:22:26,025 - common.screen_capture - ERROR - Error capturing frame: '_thread._local' object has no attribute 'srcdc'
2025-09-10 01:22:26,093 - common.screen_capture - ERROR - Error capturing frame: '_thread._local' object has no attribute 'srcdc'
2025-09-10 01:22:26,161 - common.screen_capture - ERROR - Error capturing frame: '_thread._local' object has no attribute 'srcdc'
2025-09-10 01:22:26,228 - common.screen_capture - ERROR - Error capturing frame: '_thread._local' object has no attribute 'srcdc'
2025-09-10 01:22:26,295 - common.screen_capture - ERROR - Error capturing frame: '_thread._local' object has no attribute 'srcdc'
2025-09-10 01:22:26,363 - common.screen_capture - ERROR - Error capturing frame: '_thread._local' object has no attribute 'srcdc'
2025-09-10 01:22:26,430 - common.screen_capture - ERROR - Error capturing frame: '_thread._local' object has no attribute 'srcdc'
2025-09-10 01:22:26,498 - common.screen_capture - ERROR - Error capturing frame: '_thread._local' object has no attribute 'srcdc'
2025-09-10 01:22:26,564 - common.screen_capture - ERROR - Error capturing frame: '_thread._local' object has no attribute 'srcdc'
2025-09-10 01:22:26,631 - common.screen_capture - ERROR - Error capturing frame: '_thread._local' object has no attribute 'srcdc'
2025-09-10 01:22:26,699 - common.screen_capture - ERROR - Error capturing frame: '_thread._local' object has no attribute 'srcdc'
2025-09-10 01:22:26,766 - common.screen_capture - ERROR - Error capturing frame: '_thread._local' object has no attribute 'srcdc'
2025-09-10 01:22:26,834 - common.screen_capture - ERROR - Error capturing frame: '_thread._local' object has no attribute 'srcdc'
2025-09-10 01:22:26,901 - common.screen_capture - ERROR - Error capturing frame: '_thread._local' object has no attribute 'srcdc'
2025-09-10 01:22:26,968 - common.screen_capture - ERROR - Error capturing frame: '_thread._local' object has no attribute 'srcdc'
2025-09-10 01:22:27,036 - common.screen_capture - ERROR - Error capturing frame: '_thread._local' object has no attribute 'srcdc'
2025-09-10 01:22:27,099 - src.common.utils - INFO - Starting FocusClass Tkinter Launcher
2025-09-10 01:22:27,104 - common.screen_capture - ERROR - Error capturing frame: '_thread._local' object has no attribute 'srcdc'
2025-09-10 01:22:27,172 - common.screen_capture - ERROR - Error capturing frame: '_thread._local' object has no attribute 'srcdc'
2025-09-10 01:22:27,239 - common.screen_capture - ERROR - Error capturing frame: '_thread._local' object has no attribute 'srcdc'
2025-09-10 01:22:27,307 - common.screen_capture - ERROR - Error capturing frame: '_thread._local' object has no attribute 'srcdc'
2025-09-10 01:22:27,320 - src.common.utils - INFO - Dependency check passed
2025-09-10 01:22:27,375 - common.screen_capture - ERROR - Error capturing frame: '_thread._local' object has no attribute 'srcdc'
2025-09-10 01:22:27,443 - common.screen_capture - ERROR - Error capturing frame: '_thread._local' object has no attribute 'srcdc'
2025-09-10 01:22:27,510 - common.screen_capture - ERROR - Error capturing frame: '_thread._local' object has no attribute 'srcdc'
2025-09-10 01:22:27,578 - common.screen_capture - ERROR - Error capturing frame: '_thread._local' object has no attribute 'srcdc'
2025-09-10 01:22:27,645 - common.screen_capture - ERROR - Error capturing frame: '_thread._local' object has no attribute 'srcdc'
2025-09-10 01:22:27,713 - common.screen_capture - ERROR - Error capturing frame: '_thread._local' object has no attribute 'srcdc'
2025-09-10 01:22:27,780 - common.screen_capture - ERROR - Error capturing frame: '_thread._local' object has no attribute 'srcdc'
2025-09-10 01:22:27,815 - src.common.utils - INFO - FocusClass Launcher initialized successfully
2025-09-10 01:22:27,848 - common.screen_capture - ERROR - Error capturing frame: '_thread._local' object has no attribute 'srcdc'
2025-09-10 01:22:27,915 - common.screen_capture - ERROR - Error capturing frame: '_thread._local' object has no attribute 'srcdc'
2025-09-10 01:22:27,983 - common.screen_capture - ERROR - Error capturing frame: '_thread._local' object has no attribute 'srcdc'
2025-09-10 01:22:28,050 - common.screen_capture - ERROR - Error capturing frame: '_thread._local' object has no attribute 'srcdc'
2025-09-10 01:22:28,118 - common.screen_capture - ERROR - Error capturing frame: '_thread._local' object has no attribute 'srcdc'
2025-09-10 01:22:28,186 - common.screen_capture - ERROR - Error capturing frame: '_thread._local' object has no attribute 'srcdc'
2025-09-10 01:22:28,253 - common.screen_capture - ERROR - Error capturing frame: '_thread._local' object has no attribute 'srcdc'
2025-09-10 01:22:28,321 - common.screen_capture - ERROR - Error capturing frame: '_thread._local' object has no attribute 'srcdc'
2025-09-10 01:22:28,389 - common.screen_capture - ERROR - Error capturing frame: '_thread._local' object has no attribute 'srcdc'
2025-09-10 01:22:28,458 - common.screen_capture - ERROR - Error capturing frame: '_thread._local' object has no attribute 'srcdc'
2025-09-10 01:22:28,526 - common.screen_capture - ERROR - Error capturing frame: '_thread._local' object has no attribute 'srcdc'
2025-09-10 01:22:28,594 - common.screen_capture - ERROR - Error capturing frame: '_thread._local' object has no attribute 'srcdc'
2025-09-10 01:22:28,662 - common.screen_capture - ERROR - Error capturing frame: '_thread._local' object has no attribute 'srcdc'
2025-09-10 01:22:28,731 - common.screen_capture - ERROR - Error capturing frame: '_thread._local' object has no attribute 'srcdc'
2025-09-10 01:22:28,799 - common.screen_capture - ERROR - Error capturing frame: '_thread._local' object has no attribute 'srcdc'
2025-09-10 01:22:28,866 - common.screen_capture - ERROR - Error capturing frame: '_thread._local' object has no attribute 'srcdc'
2025-09-10 01:22:28,934 - common.screen_capture - ERROR - Error capturing frame: '_thread._local' object has no attribute 'srcdc'
2025-09-10 01:22:29,002 - common.screen_capture - ERROR - Error capturing frame: '_thread._local' object has no attribute 'srcdc'
2025-09-10 01:22:29,069 - common.screen_capture - ERROR - Error capturing frame: '_thread._local' object has no attribute 'srcdc'
2025-09-10 01:22:29,136 - common.screen_capture - ERROR - Error capturing frame: '_thread._local' object has no attribute 'srcdc'
2025-09-10 01:22:29,204 - common.screen_capture - ERROR - Error capturing frame: '_thread._local' object has no attribute 'srcdc'
2025-09-10 01:22:29,271 - common.screen_capture - ERROR - Error capturing frame: '_thread._local' object has no attribute 'srcdc'
2025-09-10 01:22:29,338 - common.screen_capture - ERROR - Error capturing frame: '_thread._local' object has no attribute 'srcdc'
2025-09-10 01:22:29,406 - common.screen_capture - ERROR - Error capturing frame: '_thread._local' object has no attribute 'srcdc'
2025-09-10 01:22:29,473 - common.screen_capture - ERROR - Error capturing frame: '_thread._local' object has no attribute 'srcdc'
2025-09-10 01:22:29,540 - common.screen_capture - ERROR - Error capturing frame: '_thread._local' object has no attribute 'srcdc'
2025-09-10 01:22:29,608 - common.screen_capture - ERROR - Error capturing frame: '_thread._local' object has no attribute 'srcdc'
2025-09-10 01:22:29,676 - common.screen_capture - ERROR - Error capturing frame: '_thread._local' object has no attribute 'srcdc'
2025-09-10 01:22:29,744 - common.screen_capture - ERROR - Error capturing frame: '_thread._local' object has no attribute 'srcdc'
2025-09-10 01:22:29,812 - common.screen_capture - ERROR - Error capturing frame: '_thread._local' object has no attribute 'srcdc'
2025-09-10 01:22:29,880 - common.screen_capture - ERROR - Error capturing frame: '_thread._local' object has no attribute 'srcdc'
2025-09-10 01:22:29,947 - common.screen_capture - ERROR - Error capturing frame: '_thread._local' object has no attribute 'srcdc'
2025-09-10 01:22:30,015 - common.screen_capture - ERROR - Error capturing frame: '_thread._local' object has no attribute 'srcdc'
2025-09-10 01:22:30,082 - common.screen_capture - ERROR - Error capturing frame: '_thread._local' object has no attribute 'srcdc'
2025-09-10 01:22:30,150 - common.screen_capture - ERROR - Error capturing frame: '_thread._local' object has no attribute 'srcdc'
2025-09-10 01:22:30,217 - common.screen_capture - ERROR - Error capturing frame: '_thread._local' object has no attribute 'srcdc'
2025-09-10 01:22:30,285 - common.screen_capture - ERROR - Error capturing frame: '_thread._local' object has no attribute 'srcdc'
2025-09-10 01:22:30,353 - common.screen_capture - ERROR - Error capturing frame: '_thread._local' object has no attribute 'srcdc'
2025-09-10 01:22:30,421 - common.screen_capture - ERROR - Error capturing frame: '_thread._local' object has no attribute 'srcdc'
2025-09-10 01:22:30,489 - common.screen_capture - ERROR - Error capturing frame: '_thread._local' object has no attribute 'srcdc'
2025-09-10 01:22:30,556 - common.screen_capture - ERROR - Error capturing frame: '_thread._local' object has no attribute 'srcdc'
2025-09-10 01:22:30,624 - common.screen_capture - ERROR - Error capturing frame: '_thread._local' object has no attribute 'srcdc'
2025-09-10 01:22:30,691 - common.screen_capture - ERROR - Error capturing frame: '_thread._local' object has no attribute 'srcdc'
2025-09-10 01:22:30,759 - common.screen_capture - ERROR - Error capturing frame: '_thread._local' object has no attribute 'srcdc'
2025-09-10 01:22:30,828 - common.screen_capture - ERROR - Error capturing frame: '_thread._local' object has no attribute 'srcdc'
2025-09-10 01:22:30,896 - common.screen_capture - ERROR - Error capturing frame: '_thread._local' object has no attribute 'srcdc'
2025-09-10 01:22:30,964 - common.screen_capture - ERROR - Error capturing frame: '_thread._local' object has no attribute 'srcdc'
2025-09-10 01:22:31,032 - common.screen_capture - ERROR - Error capturing frame: '_thread._local' object has no attribute 'srcdc'
2025-09-10 01:22:31,099 - common.screen_capture - ERROR - Error capturing frame: '_thread._local' object has no attribute 'srcdc'
2025-09-10 01:22:31,167 - common.screen_capture - ERROR - Error capturing frame: '_thread._local' object has no attribute 'srcdc'
2025-09-10 01:22:31,235 - common.screen_capture - ERROR - Error capturing frame: '_thread._local' object has no attribute 'srcdc'
2025-09-10 01:22:31,302 - common.screen_capture - ERROR - Error capturing frame: '_thread._local' object has no attribute 'srcdc'
2025-09-10 01:22:31,370 - common.screen_capture - ERROR - Error capturing frame: '_thread._local' object has no attribute 'srcdc'
2025-09-10 01:22:31,438 - common.screen_capture - ERROR - Error capturing frame: '_thread._local' object has no attribute 'srcdc'
2025-09-10 01:22:31,506 - common.screen_capture - ERROR - Error capturing frame: '_thread._local' object has no attribute 'srcdc'
2025-09-10 01:22:31,574 - common.screen_capture - ERROR - Error capturing frame: '_thread._local' object has no attribute 'srcdc'
2025-09-10 01:22:31,642 - common.screen_capture - ERROR - Error capturing frame: '_thread._local' object has no attribute 'srcdc'
2025-09-10 01:22:31,710 - common.screen_capture - ERROR - Error capturing frame: '_thread._local' object has no attribute 'srcdc'
2025-09-10 01:22:31,779 - common.screen_capture - ERROR - Error capturing frame: '_thread._local' object has no attribute 'srcdc'
2025-09-10 01:22:31,846 - common.screen_capture - ERROR - Error capturing frame: '_thread._local' object has no attribute 'srcdc'
2025-09-10 01:22:31,914 - common.screen_capture - ERROR - Error capturing frame: '_thread._local' object has no attribute 'srcdc'
2025-09-10 01:22:31,981 - common.screen_capture - ERROR - Error capturing frame: '_thread._local' object has no attribute 'srcdc'
2025-09-10 01:22:32,048 - common.screen_capture - ERROR - Error capturing frame: '_thread._local' object has no attribute 'srcdc'
2025-09-10 01:22:32,116 - common.screen_capture - ERROR - Error capturing frame: '_thread._local' object has no attribute 'srcdc'
2025-09-10 01:22:32,183 - common.screen_capture - ERROR - Error capturing frame: '_thread._local' object has no attribute 'srcdc'
2025-09-10 01:22:32,251 - common.screen_capture - ERROR - Error capturing frame: '_thread._local' object has no attribute 'srcdc'
2025-09-10 01:22:32,319 - common.screen_capture - ERROR - Error capturing frame: '_thread._local' object has no attribute 'srcdc'
2025-09-10 01:22:32,388 - common.screen_capture - ERROR - Error capturing frame: '_thread._local' object has no attribute 'srcdc'
2025-09-10 01:22:32,455 - common.screen_capture - ERROR - Error capturing frame: '_thread._local' object has no attribute 'srcdc'
2025-09-10 01:22:32,524 - common.screen_capture - ERROR - Error capturing frame: '_thread._local' object has no attribute 'srcdc'
2025-09-10 01:22:32,591 - common.screen_capture - ERROR - Error capturing frame: '_thread._local' object has no attribute 'srcdc'
2025-09-10 01:22:32,660 - common.screen_capture - ERROR - Error capturing frame: '_thread._local' object has no attribute 'srcdc'
2025-09-10 01:22:32,727 - common.screen_capture - ERROR - Error capturing frame: '_thread._local' object has no attribute 'srcdc'
2025-09-10 01:22:32,795 - common.screen_capture - ERROR - Error capturing frame: '_thread._local' object has no attribute 'srcdc'
2025-09-10 01:22:32,863 - common.screen_capture - ERROR - Error capturing frame: '_thread._local' object has no attribute 'srcdc'
2025-09-10 01:22:32,930 - common.screen_capture - ERROR - Error capturing frame: '_thread._local' object has no attribute 'srcdc'
2025-09-10 01:22:33,002 - common.screen_capture - ERROR - Error capturing frame: '_thread._local' object has no attribute 'srcdc'
2025-09-10 01:22:33,070 - common.screen_capture - ERROR - Error capturing frame: '_thread._local' object has no attribute 'srcdc'
2025-09-10 01:22:33,137 - common.screen_capture - ERROR - Error capturing frame: '_thread._local' object has no attribute 'srcdc'
2025-09-10 01:22:33,206 - common.screen_capture - ERROR - Error capturing frame: '_thread._local' object has no attribute 'srcdc'
2025-09-10 01:22:33,274 - common.screen_capture - ERROR - Error capturing frame: '_thread._local' object has no attribute 'srcdc'
2025-09-10 01:22:33,342 - common.screen_capture - ERROR - Error capturing frame: '_thread._local' object has no attribute 'srcdc'
2025-09-10 01:22:33,409 - common.screen_capture - ERROR - Error capturing frame: '_thread._local' object has no attribute 'srcdc'
2025-09-10 01:22:33,477 - common.screen_capture - ERROR - Error capturing frame: '_thread._local' object has no attribute 'srcdc'
2025-09-10 01:22:33,545 - common.screen_capture - ERROR - Error capturing frame: '_thread._local' object has no attribute 'srcdc'
2025-09-10 01:22:33,613 - common.screen_capture - ERROR - Error capturing frame: '_thread._local' object has no attribute 'srcdc'
2025-09-10 01:22:33,680 - common.screen_capture - ERROR - Error capturing frame: '_thread._local' object has no attribute 'srcdc'
2025-09-10 01:22:33,748 - common.screen_capture - ERROR - Error capturing frame: '_thread._local' object has no attribute 'srcdc'
2025-09-10 01:22:33,815 - common.screen_capture - ERROR - Error capturing frame: '_thread._local' object has no attribute 'srcdc'
2025-09-10 01:22:33,883 - common.screen_capture - ERROR - Error capturing frame: '_thread._local' object has no attribute 'srcdc'
2025-09-10 01:22:33,951 - common.screen_capture - ERROR - Error capturing frame: '_thread._local' object has no attribute 'srcdc'
2025-09-10 01:22:34,019 - common.screen_capture - ERROR - Error capturing frame: '_thread._local' object has no attribute 'srcdc'
2025-09-10 01:22:34,087 - common.screen_capture - ERROR - Error capturing frame: '_thread._local' object has no attribute 'srcdc'
2025-09-10 01:22:34,154 - common.screen_capture - ERROR - Error capturing frame: '_thread._local' object has no attribute 'srcdc'
2025-09-10 01:22:34,222 - common.screen_capture - ERROR - Error capturing frame: '_thread._local' object has no attribute 'srcdc'
2025-09-10 01:22:34,290 - common.screen_capture - ERROR - Error capturing frame: '_thread._local' object has no attribute 'srcdc'
2025-09-10 01:22:34,358 - common.screen_capture - ERROR - Error capturing frame: '_thread._local' object has no attribute 'srcdc'
2025-09-10 01:22:34,426 - common.screen_capture - ERROR - Error capturing frame: '_thread._local' object has no attribute 'srcdc'
2025-09-10 01:22:34,494 - common.screen_capture - ERROR - Error capturing frame: '_thread._local' object has no attribute 'srcdc'
2025-09-10 01:22:34,562 - common.screen_capture - ERROR - Error capturing frame: '_thread._local' object has no attribute 'srcdc'
2025-09-10 01:22:34,630 - common.screen_capture - ERROR - Error capturing frame: '_thread._local' object has no attribute 'srcdc'
2025-09-10 01:22:34,700 - common.screen_capture - ERROR - Error capturing frame: '_thread._local' object has no attribute 'srcdc'
2025-09-10 01:22:34,768 - common.screen_capture - ERROR - Error capturing frame: '_thread._local' object has no attribute 'srcdc'
2025-09-10 01:22:34,835 - common.screen_capture - ERROR - Error capturing frame: '_thread._local' object has no attribute 'srcdc'
2025-09-10 01:22:34,903 - common.screen_capture - ERROR - Error capturing frame: '_thread._local' object has no attribute 'srcdc'
2025-09-10 01:22:34,971 - common.screen_capture - ERROR - Error capturing frame: '_thread._local' object has no attribute 'srcdc'
2025-09-10 01:22:35,040 - common.screen_capture - ERROR - Error capturing frame: '_thread._local' object has no attribute 'srcdc'
2025-09-10 01:22:35,108 - common.screen_capture - ERROR - Error capturing frame: '_thread._local' object has no attribute 'srcdc'
2025-09-10 01:22:35,176 - common.screen_capture - ERROR - Error capturing frame: '_thread._local' object has no attribute 'srcdc'
2025-09-10 01:22:35,245 - common.screen_capture - ERROR - Error capturing frame: '_thread._local' object has no attribute 'srcdc'
2025-09-10 01:22:35,312 - common.screen_capture - ERROR - Error capturing frame: '_thread._local' object has no attribute 'srcdc'
2025-09-10 01:22:35,380 - common.screen_capture - ERROR - Error capturing frame: '_thread._local' object has no attribute 'srcdc'
2025-09-10 01:22:35,447 - common.screen_capture - ERROR - Error capturing frame: '_thread._local' object has no attribute 'srcdc'
2025-09-10 01:22:35,515 - common.screen_capture - ERROR - Error capturing frame: '_thread._local' object has no attribute 'srcdc'
2025-09-10 01:22:35,583 - common.screen_capture - ERROR - Error capturing frame: '_thread._local' object has no attribute 'srcdc'
2025-09-10 01:22:35,651 - common.screen_capture - ERROR - Error capturing frame: '_thread._local' object has no attribute 'srcdc'
2025-09-10 01:22:35,719 - common.screen_capture - ERROR - Error capturing frame: '_thread._local' object has no attribute 'srcdc'
2025-09-10 01:22:35,786 - common.screen_capture - ERROR - Error capturing frame: '_thread._local' object has no attribute 'srcdc'
2025-09-10 01:22:35,855 - common.screen_capture - ERROR - Error capturing frame: '_thread._local' object has no attribute 'srcdc'
2025-09-10 01:22:35,922 - common.screen_capture - ERROR - Error capturing frame: '_thread._local' object has no attribute 'srcdc'
2025-09-10 01:22:35,991 - common.screen_capture - ERROR - Error capturing frame: '_thread._local' object has no attribute 'srcdc'
2025-09-10 01:22:36,058 - common.screen_capture - ERROR - Error capturing frame: '_thread._local' object has no attribute 'srcdc'
2025-09-10 01:22:36,126 - common.screen_capture - ERROR - Error capturing frame: '_thread._local' object has no attribute 'srcdc'
2025-09-10 01:22:36,194 - common.screen_capture - ERROR - Error capturing frame: '_thread._local' object has no attribute 'srcdc'
2025-09-10 01:22:36,262 - common.screen_capture - ERROR - Error capturing frame: '_thread._local' object has no attribute 'srcdc'
2025-09-10 01:22:36,330 - common.screen_capture - ERROR - Error capturing frame: '_thread._local' object has no attribute 'srcdc'
2025-09-10 01:22:36,397 - common.screen_capture - ERROR - Error capturing frame: '_thread._local' object has no attribute 'srcdc'
2025-09-10 01:22:36,464 - common.screen_capture - ERROR - Error capturing frame: '_thread._local' object has no attribute 'srcdc'
2025-09-10 01:22:36,532 - common.screen_capture - ERROR - Error capturing frame: '_thread._local' object has no attribute 'srcdc'
2025-09-10 01:22:36,600 - common.screen_capture - ERROR - Error capturing frame: '_thread._local' object has no attribute 'srcdc'
2025-09-10 01:22:36,668 - common.screen_capture - ERROR - Error capturing frame: '_thread._local' object has no attribute 'srcdc'
2025-09-10 01:22:36,735 - common.screen_capture - ERROR - Error capturing frame: '_thread._local' object has no attribute 'srcdc'
2025-09-10 01:22:36,802 - common.screen_capture - ERROR - Error capturing frame: '_thread._local' object has no attribute 'srcdc'
2025-09-10 01:22:36,869 - common.screen_capture - ERROR - Error capturing frame: '_thread._local' object has no attribute 'srcdc'
2025-09-10 01:22:36,938 - common.screen_capture - ERROR - Error capturing frame: '_thread._local' object has no attribute 'srcdc'
2025-09-10 01:22:37,005 - common.screen_capture - ERROR - Error capturing frame: '_thread._local' object has no attribute 'srcdc'
2025-09-10 01:22:37,073 - common.screen_capture - ERROR - Error capturing frame: '_thread._local' object has no attribute 'srcdc'
2025-09-10 01:22:37,141 - common.screen_capture - ERROR - Error capturing frame: '_thread._local' object has no attribute 'srcdc'
2025-09-10 01:22:37,210 - common.screen_capture - ERROR - Error capturing frame: '_thread._local' object has no attribute 'srcdc'
2025-09-10 01:22:37,278 - common.screen_capture - ERROR - Error capturing frame: '_thread._local' object has no attribute 'srcdc'
2025-09-10 01:22:37,346 - common.screen_capture - ERROR - Error capturing frame: '_thread._local' object has no attribute 'srcdc'
2025-09-10 01:22:37,414 - common.screen_capture - ERROR - Error capturing frame: '_thread._local' object has no attribute 'srcdc'
2025-09-10 01:22:37,482 - common.screen_capture - ERROR - Error capturing frame: '_thread._local' object has no attribute 'srcdc'
2025-09-10 01:22:37,550 - common.screen_capture - ERROR - Error capturing frame: '_thread._local' object has no attribute 'srcdc'
2025-09-10 01:22:37,618 - common.screen_capture - ERROR - Error capturing frame: '_thread._local' object has no attribute 'srcdc'
2025-09-10 01:22:37,686 - common.screen_capture - ERROR - Error capturing frame: '_thread._local' object has no attribute 'srcdc'
2025-09-10 01:22:37,754 - common.screen_capture - ERROR - Error capturing frame: '_thread._local' object has no attribute 'srcdc'
2025-09-10 01:22:37,822 - common.screen_capture - ERROR - Error capturing frame: '_thread._local' object has no attribute 'srcdc'
2025-09-10 01:22:37,890 - common.screen_capture - ERROR - Error capturing frame: '_thread._local' object has no attribute 'srcdc'
2025-09-10 01:22:37,958 - common.screen_capture - ERROR - Error capturing frame: '_thread._local' object has no attribute 'srcdc'
2025-09-10 01:22:38,026 - common.screen_capture - ERROR - Error capturing frame: '_thread._local' object has no attribute 'srcdc'
2025-09-10 01:22:38,094 - common.screen_capture - ERROR - Error capturing frame: '_thread._local' object has no attribute 'srcdc'
2025-09-10 01:22:38,162 - common.screen_capture - ERROR - Error capturing frame: '_thread._local' object has no attribute 'srcdc'
2025-09-10 01:22:38,230 - common.screen_capture - ERROR - Error capturing frame: '_thread._local' object has no attribute 'srcdc'
2025-09-10 01:22:38,298 - common.screen_capture - ERROR - Error capturing frame: '_thread._local' object has no attribute 'srcdc'
2025-09-10 01:22:38,367 - common.screen_capture - ERROR - Error capturing frame: '_thread._local' object has no attribute 'srcdc'
2025-09-10 01:22:38,434 - common.screen_capture - ERROR - Error capturing frame: '_thread._local' object has no attribute 'srcdc'
2025-09-10 01:22:38,502 - common.screen_capture - ERROR - Error capturing frame: '_thread._local' object has no attribute 'srcdc'
2025-09-10 01:22:38,571 - common.screen_capture - ERROR - Error capturing frame: '_thread._local' object has no attribute 'srcdc'
2025-09-10 01:22:38,639 - common.screen_capture - ERROR - Error capturing frame: '_thread._local' object has no attribute 'srcdc'
2025-09-10 01:22:38,707 - common.screen_capture - ERROR - Error capturing frame: '_thread._local' object has no attribute 'srcdc'
2025-09-10 01:22:38,775 - common.screen_capture - ERROR - Error capturing frame: '_thread._local' object has no attribute 'srcdc'
2025-09-10 01:22:38,843 - common.screen_capture - ERROR - Error capturing frame: '_thread._local' object has no attribute 'srcdc'
2025-09-10 01:22:38,911 - common.screen_capture - ERROR - Error capturing frame: '_thread._local' object has no attribute 'srcdc'
2025-09-10 01:22:38,979 - common.screen_capture - ERROR - Error capturing frame: '_thread._local' object has no attribute 'srcdc'
2025-09-10 01:22:39,047 - common.screen_capture - ERROR - Error capturing frame: '_thread._local' object has no attribute 'srcdc'
2025-09-10 01:22:39,114 - common.screen_capture - ERROR - Error capturing frame: '_thread._local' object has no attribute 'srcdc'
2025-09-10 01:22:39,181 - common.screen_capture - ERROR - Error capturing frame: '_thread._local' object has no attribute 'srcdc'
2025-09-10 01:22:39,249 - common.screen_capture - ERROR - Error capturing frame: '_thread._local' object has no attribute 'srcdc'
2025-09-10 01:22:39,316 - common.screen_capture - ERROR - Error capturing frame: '_thread._local' object has no attribute 'srcdc'
2025-09-10 01:22:39,384 - common.screen_capture - ERROR - Error capturing frame: '_thread._local' object has no attribute 'srcdc'
2025-09-10 01:22:39,452 - common.screen_capture - ERROR - Error capturing frame: '_thread._local' object has no attribute 'srcdc'
2025-09-10 01:22:39,520 - common.screen_capture - ERROR - Error capturing frame: '_thread._local' object has no attribute 'srcdc'
2025-09-10 01:22:39,588 - common.screen_capture - ERROR - Error capturing frame: '_thread._local' object has no attribute 'srcdc'
2025-09-10 01:22:39,656 - common.screen_capture - ERROR - Error capturing frame: '_thread._local' object has no attribute 'srcdc'
2025-09-10 01:22:39,724 - common.screen_capture - ERROR - Error capturing frame: '_thread._local' object has no attribute 'srcdc'
2025-09-10 01:22:39,792 - common.screen_capture - ERROR - Error capturing frame: '_thread._local' object has no attribute 'srcdc'
2025-09-10 01:22:39,860 - common.screen_capture - ERROR - Error capturing frame: '_thread._local' object has no attribute 'srcdc'
2025-09-10 01:22:39,929 - common.screen_capture - ERROR - Error capturing frame: '_thread._local' object has no attribute 'srcdc'
2025-09-10 01:22:39,997 - common.screen_capture - ERROR - Error capturing frame: '_thread._local' object has no attribute 'srcdc'
2025-09-10 01:22:40,065 - common.screen_capture - ERROR - Error capturing frame: '_thread._local' object has no attribute 'srcdc'
2025-09-10 01:22:40,132 - common.screen_capture - ERROR - Error capturing frame: '_thread._local' object has no attribute 'srcdc'
2025-09-10 01:22:40,200 - common.screen_capture - ERROR - Error capturing frame: '_thread._local' object has no attribute 'srcdc'
2025-09-10 01:22:40,263 - common.database_manager - INFO - Ended session 6
2025-09-10 01:22:40,264 - common.network_manager - ERROR - Error stopping server: Event loop is closed
2025-09-10 01:22:40,268 - common.screen_capture - ERROR - Error capturing frame: '_thread._local' object has no attribute 'srcdc'
2025-09-10 01:22:40,336 - common.screen_capture - INFO - Tkinter screen capture stopped
2025-09-10 01:22:40,336 - common.screen_capture - INFO - Screen capture stopped
2025-09-10 01:22:40,347 - common.utils - INFO - Session ended successfully
2025-09-10 01:22:41,698 - common.database_manager - INFO - Database initialized successfully
2025-09-10 01:22:41,718 - common.database_manager - INFO - Created session 60_JADDNVZS with ID 7
2025-09-10 01:22:41,719 - common.network_manager - INFO - Found available port: 8767 (original: 8766)
2025-09-10 01:22:41,719 - common.network_manager - INFO - Found available port: 8082 (original: 8081)
2025-09-10 01:22:41,720 - websockets.server - INFO - server listening on 0.0.0.0:8767
2025-09-10 01:22:41,720 - common.network_manager - INFO - WebSocket server started on 0.0.0.0:8767
2025-09-10 01:22:41,721 - common.network_manager - INFO - HTTP server started on 0.0.0.0:8082
2025-09-10 01:22:41,721 - common.network_manager - WARNING - Zeroconf not available. Network discovery disabled.
2025-09-10 01:22:41,721 - common.network_manager - INFO - Teacher server started: {'session_code': '60_JADDNVZS', 'password': 'k9pAP_ABSbKWHsBt', 'ip': '172.168.20.113', 'websocket_port': 8767, 'http_port': 8082, 'discovery_name': 'FocusClass-60_JADDNVZS'}
2025-09-10 01:22:41,722 - common.utils - INFO - Session started: 60_JADDNVZS
2025-09-10 01:22:41,722 - asyncio - ERROR - Task was destroyed but it is pending!
task: <Task pending name='Task-9' coro=<IocpProactor.accept.<locals>.accept_coro() running at C:\Python312\Lib\asyncio\windows_events.py:566> wait_for=<_OverlappedFuture cancelled>>
2025-09-10 01:22:41,722 - asyncio - ERROR - Task was destroyed but it is pending!
task: <Task pending name='Task-11' coro=<IocpProactor.accept.<locals>.accept_coro() running at C:\Python312\Lib\asyncio\windows_events.py:566> wait_for=<_OverlappedFuture cancelled>>
2025-09-10 01:22:41,834 - common.utils - ERROR - Tkinter error updating QR label: image "pyimage2" doesn't exist
2025-09-10 01:22:51,116 - src.common.utils - INFO - FocusClass Launcher shutting down
2025-09-10 01:22:51,131 - src.common.utils - INFO - FocusClass Launcher shutdown complete
2025-09-10 01:23:07,436 - common.database_manager - INFO - Ended session 7
2025-09-10 01:23:07,436 - common.network_manager - ERROR - Error stopping server: Event loop is closed
2025-09-10 01:23:07,441 - common.utils - INFO - Session ended successfully
2025-09-10 01:23:12,943 - src.common.utils - INFO - Starting FocusClass Tkinter Launcher
2025-09-10 01:23:13,179 - src.common.utils - INFO - Dependency check passed
2025-09-10 01:23:13,642 - src.common.utils - INFO - FocusClass Launcher initialized successfully
2025-09-10 01:23:14,700 - src.common.utils - INFO - Launching teacher application...
2025-09-10 01:23:14,978 - common.screen_capture - INFO - Detected 1 monitors
2025-09-10 01:23:14,980 - common.screen_capture - INFO - Monitor 0: 1600x900 at (0, 0)
2025-09-10 01:23:15,249 - common.utils - INFO - Teacher application initialized
2025-09-10 01:23:16,691 - common.database_manager - INFO - Database initialized successfully
2025-09-10 01:23:16,696 - common.database_manager - INFO - Created session U2EFMEOQVMI with ID 8
2025-09-10 01:23:16,698 - common.network_manager - INFO - Found available port: 8768 (original: 8765)
2025-09-10 01:23:16,698 - common.network_manager - INFO - Found available port: 8083 (original: 8080)
2025-09-10 01:23:16,701 - websockets.server - INFO - server listening on 0.0.0.0:8768
2025-09-10 01:23:16,701 - common.network_manager - INFO - WebSocket server started on 0.0.0.0:8768
2025-09-10 01:23:16,702 - common.network_manager - INFO - HTTP server started on 0.0.0.0:8083
2025-09-10 01:23:16,702 - common.network_manager - WARNING - Zeroconf not available. Network discovery disabled.
2025-09-10 01:23:16,702 - common.network_manager - INFO - Teacher server started: {'session_code': 'U2EFMEOQVMI', 'password': '44TcRQ6DXTGubqkc', 'ip': '172.168.20.113', 'websocket_port': 8768, 'http_port': 8083, 'discovery_name': 'FocusClass-U2EFMEOQVMI'}
2025-09-10 01:23:16,703 - common.utils - INFO - Session started: U2EFMEOQVMI
2025-09-10 01:23:16,703 - asyncio - ERROR - Task was destroyed but it is pending!
task: <Task pending name='Task-3' coro=<IocpProactor.accept.<locals>.accept_coro() running at C:\Python312\Lib\asyncio\windows_events.py:566> wait_for=<_OverlappedFuture cancelled>>
2025-09-10 01:23:16,703 - asyncio - ERROR - Task was destroyed but it is pending!
task: <Task pending name='Task-5' coro=<IocpProactor.accept.<locals>.accept_coro() running at C:\Python312\Lib\asyncio\windows_events.py:566> wait_for=<_OverlappedFuture cancelled>>
2025-09-10 01:23:16,828 - common.utils - ERROR - Tkinter error updating QR label: image "pyimage1" doesn't exist
2025-09-10 01:25:26,983 - common.database_manager - INFO - Ended session 8
2025-09-10 01:25:26,983 - common.network_manager - ERROR - Error stopping server: Event loop is closed
2025-09-10 01:25:26,987 - common.utils - INFO - Session ended successfully
2025-09-10 01:25:33,515 - src.common.utils - INFO - Starting FocusClass Tkinter Launcher
2025-09-10 01:25:33,746 - src.common.utils - INFO - Dependency check passed
2025-09-10 01:25:34,181 - src.common.utils - INFO - FocusClass Launcher initialized successfully
2025-09-10 01:25:36,413 - src.common.utils - INFO - Launching teacher application...
2025-09-10 01:25:36,679 - common.screen_capture - INFO - Detected 1 monitors
2025-09-10 01:25:36,679 - common.screen_capture - INFO - Monitor 0: 1600x900 at (0, 0)
2025-09-10 01:25:36,936 - common.utils - INFO - Teacher application initialized
2025-09-10 01:25:40,754 - common.database_manager - INFO - Database initialized successfully
2025-09-10 01:25:40,760 - common.database_manager - INFO - Created session JSHDLMQX_IO with ID 9
2025-09-10 01:25:40,764 - common.network_manager - INFO - Found available port: 8769 (original: 8765)
2025-09-10 01:25:40,764 - common.network_manager - INFO - Found available port: 8084 (original: 8080)
2025-09-10 01:25:40,769 - websockets.server - INFO - server listening on 0.0.0.0:8769
2025-09-10 01:25:40,769 - common.network_manager - INFO - WebSocket server started on 0.0.0.0:8769
2025-09-10 01:25:40,773 - common.network_manager - INFO - HTTP server started on 0.0.0.0:8084
2025-09-10 01:25:40,773 - common.network_manager - WARNING - Zeroconf not available. Network discovery disabled.
2025-09-10 01:25:40,773 - common.network_manager - INFO - Teacher server started: {'session_code': 'JSHDLMQX_IO', 'password': 'usC4VgzsTCkX-gTP', 'ip': '172.168.20.113', 'websocket_port': 8769, 'http_port': 8084, 'discovery_name': 'FocusClass-JSHDLMQX_IO'}
2025-09-10 01:25:40,773 - common.utils - INFO - Session started: JSHDLMQX_IO
2025-09-10 01:25:40,773 - asyncio - ERROR - Task was destroyed but it is pending!
task: <Task pending name='Task-3' coro=<IocpProactor.accept.<locals>.accept_coro() running at C:\Python312\Lib\asyncio\windows_events.py:566> wait_for=<_OverlappedFuture cancelled>>
2025-09-10 01:25:40,773 - asyncio - ERROR - Task was destroyed but it is pending!
task: <Task pending name='Task-5' coro=<IocpProactor.accept.<locals>.accept_coro() running at C:\Python312\Lib\asyncio\windows_events.py:566> wait_for=<_OverlappedFuture cancelled>>
2025-09-10 01:25:40,892 - common.utils - ERROR - Tkinter error updating QR label: image "pyimage1" doesn't exist
2025-09-10 01:29:03,741 - common.utils - INFO - Teacher application cleanup completed
2025-09-10 01:29:03,752 - src.common.utils - INFO - FocusClass Launcher shutdown complete
2025-09-10 01:34:54,857 - src.common.utils - INFO - Starting FocusClass Tkinter Launcher
2025-09-10 01:34:55,068 - src.common.utils - INFO - Dependency check passed
2025-09-10 01:34:55,506 - src.common.utils - INFO - FocusClass Launcher initialized successfully
2025-09-10 01:34:58,845 - src.common.utils - INFO - Launching student application...
2025-09-10 01:34:58,858 - src.common.utils - ERROR - Error launching student app: expected an indented block after 'except' statement on line 265 (student_app.py, line 267)
2025-09-10 01:35:01,840 - src.common.utils - INFO - Launching teacher application...
2025-09-10 01:35:02,106 - common.screen_capture - INFO - Detected 1 monitors
2025-09-10 01:35:02,106 - common.screen_capture - INFO - Monitor 0: 1600x900 at (0, 0)
2025-09-10 01:35:02,344 - common.utils - INFO - Teacher application initialized
2025-09-10 01:35:19,513 - common.database_manager - INFO - Database initialized successfully
2025-09-10 01:35:19,523 - common.database_manager - INFO - Created session COECPL9JMUI with ID 10
2025-09-10 01:35:19,527 - websockets.server - INFO - server listening on 0.0.0.0:8765
2025-09-10 01:35:19,527 - common.network_manager - INFO - WebSocket server started on 0.0.0.0:8765
2025-09-10 01:35:19,527 - common.network_manager - INFO - HTTP server started on 0.0.0.0:8080
2025-09-10 01:35:19,527 - common.network_manager - WARNING - Zeroconf not available. Network discovery disabled.
2025-09-10 01:35:19,527 - common.network_manager - INFO - Teacher server started: {'session_code': 'COECPL9JMUI', 'password': 'nha8PS2Qax7mZ-1t', 'ip': '172.168.20.113', 'websocket_port': 8765, 'http_port': 8080, 'discovery_name': 'FocusClass-COECPL9JMUI'}
2025-09-10 01:35:19,527 - common.utils - INFO - Session started: COECPL9JMUI
2025-09-10 01:35:19,527 - asyncio - ERROR - Task was destroyed but it is pending!
task: <Task pending name='Task-3' coro=<IocpProactor.accept.<locals>.accept_coro() running at C:\Python312\Lib\asyncio\windows_events.py:566> wait_for=<_OverlappedFuture cancelled>>
2025-09-10 01:35:19,527 - asyncio - ERROR - Task was destroyed but it is pending!
task: <Task pending name='Task-5' coro=<IocpProactor.accept.<locals>.accept_coro() running at C:\Python312\Lib\asyncio\windows_events.py:566> wait_for=<_OverlappedFuture cancelled>>
2025-09-10 01:35:19,747 - common.utils - ERROR - Error creating PhotoImage: image "pyimage1" doesn't exist
2025-09-10 01:35:19,755 - common.utils - ERROR - Error generating QR code: image "pyimage1" doesn't exist
2025-09-10 01:35:33,026 - src.common.utils - INFO - Starting FocusClass Tkinter Launcher
2025-09-10 01:35:33,225 - src.common.utils - INFO - Dependency check passed
2025-09-10 01:35:33,675 - src.common.utils - INFO - FocusClass Launcher initialized successfully
2025-09-10 01:35:39,305 - src.common.utils - INFO - FocusClass Launcher shutting down
2025-09-10 01:35:39,322 - src.common.utils - INFO - FocusClass Launcher shutdown complete
2025-09-10 01:35:48,045 - common.database_manager - INFO - Ended session 10
2025-09-10 01:35:48,045 - common.network_manager - ERROR - Error stopping server: Event loop is closed
2025-09-10 01:35:48,056 - common.utils - INFO - Session ended successfully
2025-09-10 01:35:49,111 - common.database_manager - INFO - Ended session 10
2025-09-10 01:35:49,111 - common.network_manager - ERROR - Error stopping server: Event loop is closed
2025-09-10 01:35:49,115 - common.utils - INFO - Session ended successfully
2025-09-10 01:37:05,020 - src.common.utils - INFO - Starting FocusClass Tkinter Launcher
2025-09-10 01:37:05,377 - src.common.utils - INFO - Dependency check passed
2025-09-10 01:37:05,863 - src.common.utils - INFO - FocusClass Launcher initialized successfully
2025-09-10 01:37:07,344 - src.common.utils - INFO - Launching teacher application...
2025-09-10 01:37:07,625 - common.screen_capture - INFO - Detected 1 monitors
2025-09-10 01:37:07,628 - common.screen_capture - INFO - Monitor 0: 1600x900 at (0, 0)
2025-09-10 01:37:07,877 - common.utils - INFO - Teacher application initialized
2025-09-10 01:37:31,948 - common.utils - INFO - Teacher application cleanup completed
2025-09-10 01:37:32,015 - src.common.utils - INFO - FocusClass Launcher shutdown complete
